#
# There is insufficient memory for the Java Runtime Environment to continue.
# Native memory allocation (malloc) failed to allocate 181536 bytes for Chunk::new
# Possible reasons:
#   The system is out of physical RAM or swap space
#   The process is running with CompressedOops enabled, and the Java Heap may be blocking the growth of the native heap
# Possible solutions:
#   Reduce memory load on the system
#   Increase physical memory or swap space
#   Check if swap backing store is full
#   Decrease Java heap size (-Xmx/-Xms)
#   Decrease number of Java threads
#   Decrease Java thread stack sizes (-Xss)
#   Set larger code cache with -XX:ReservedCodeCacheSize=
#   JVM is running with Unscaled Compressed Oops mode in which the Java heap is
#     placed in the first 4GB address space. The Java Heap base address is the
#     maximum limit for the native heap growth. Please use -XX:HeapBaseMinAddress
#     to set the Java Heap base and to place the Java Heap above 4GB virtual address.
# This output file may be truncated or incomplete.
#
#  Out of Memory Error (allocation.cpp:389), pid=32588, tid=0x0000000000008460
#
# JRE version: Java(TM) SE Runtime Environment (8.0_281-b09) (build 1.8.0_281-b09)
# Java VM: Java HotSpot(TM) 64-Bit Server VM (25.281-b09 mixed mode windows-amd64 compressed oops)
# Failed to write core dump. Minidumps are not enabled by default on client versions of Windows
#

---------------  T H R E A D  ---------------

Current thread (0x000001a57c0ce800):  JavaThread "C2 CompilerThread2" daemon [_thread_in_native, id=33888, stack(0x000000875eb00000,0x000000875ec00000)]

Stack: [0x000000875eb00000,0x000000875ec00000]
Native frames: (J=compiled Java code, j=interpreted, Vv=VM code, C=native code)
V  [jvm.dll+0x32e5b9]


Current CompileTask:
C2:   1436  935       4       com.sun.tools.javac.jvm.ClassReader::readPool (504 bytes)


---------------  P R O C E S S  ---------------

Java Threads: ( => current thread )
  0x000001a57d49b000 JavaThread "Service Thread" daemon [_thread_blocked, id=34580, stack(0x000000875ed00000,0x000000875ee00000)]
  0x000001a57c0d4800 JavaThread "C1 CompilerThread3" daemon [_thread_blocked, id=34588, stack(0x000000875ec00000,0x000000875ed00000)]
=>0x000001a57c0ce800 JavaThread "C2 CompilerThread2" daemon [_thread_in_native, id=33888, stack(0x000000875eb00000,0x000000875ec00000)]
  0x000001a57c0d0000 JavaThread "C2 CompilerThread1" daemon [_thread_in_native, id=34528, stack(0x000000875ea00000,0x000000875eb00000)]
  0x000001a57c0ca800 JavaThread "C2 CompilerThread0" daemon [_thread_blocked, id=34320, stack(0x000000875e900000,0x000000875ea00000)]
  0x000001a57c0c3000 JavaThread "Attach Listener" daemon [_thread_blocked, id=25232, stack(0x000000875e800000,0x000000875e900000)]
  0x000001a57c0c2000 JavaThread "Signal Dispatcher" daemon [_thread_blocked, id=34552, stack(0x000000875e700000,0x000000875e800000)]
  0x000001a57c09f000 JavaThread "Finalizer" daemon [_thread_blocked, id=34296, stack(0x000000875e600000,0x000000875e700000)]
  0x000001a57c08f800 JavaThread "Reference Handler" daemon [_thread_blocked, id=34252, stack(0x000000875e500000,0x000000875e600000)]
  0x000001a5745ef000 JavaThread "main" [_thread_blocked, id=32324, stack(0x000000875db00000,0x000000875dc00000)]

Other Threads:
  0x000001a57c064000 VMThread [stack: 0x000000875e400000,0x000000875e500000] [id=34044]
  0x000001a57c11d800 WatcherThread [stack: 0x000000875ee00000,0x000000875ef00000] [id=34584]

VM state:at safepoint (normal execution)

VM Mutex/Monitor currently owned by a thread:  ([mutex/lock_event])
[0x000001a5745e6050] Threads_lock - owner thread: 0x000001a57c064000
[0x000001a5745e7d60] Heap_lock - owner thread: 0x000001a5745ef000

heap address: 0x0000000082400000, size: 2012 MB, Compressed Oops mode: 32-bit
Narrow klass base: 0x0000000000000000, Narrow klass shift: 3
Compressed class space size: 1073741824 Address: 0x0000000100000000

Heap:
 PSYoungGen      total 8704K, used 6144K [0x00000000d6180000, 0x00000000d7280000, 0x0000000100000000)
  eden space 6144K, 100% used [0x00000000d6180000,0x00000000d6780000,0x00000000d6780000)
  from space 2560K, 0% used [0x00000000d7000000,0x00000000d7000000,0x00000000d7280000)
  to   space 512K, 0% used [0x00000000d6780000,0x00000000d6780000,0x00000000d6800000)
 ParOldGen       total 5632K, used 5398K [0x0000000082400000, 0x0000000082980000, 0x00000000d6180000)
  object space 5632K, 95% used [0x0000000082400000,0x0000000082945968,0x0000000082980000)
 Metaspace       used 8452K, capacity 8948K, committed 9216K, reserved 1056768K
  class space    used 988K, capacity 1008K, committed 1024K, reserved 1048576K

Card table byte_map: [0x000001a576210000,0x000001a576600000] byte_map_base: 0x000001a575dfe000

Marking Bits: (ParMarkBitMap*) 0x000000005e446ff0
 Begin Bits: [0x000001a5768a0000, 0x000001a578810000)
 End Bits:   [0x000001a578810000, 0x000001a57a780000)

Polling page: 0x000001a574580000

CodeCache: size=245760Kb used=3837Kb max_used=3848Kb free=241922Kb
 bounds [0x000001a500000000, 0x000001a5003d0000, 0x000001a50f000000]
 total_blobs=1232 nmethods=936 adapters=208
 compilation: enabled

Compilation events (10 events):
Event: 1.431 Thread 0x000001a57c0d4800 nmethod 939 0x000001a5003bad10 code [0x000001a5003baec0, 0x000001a5003bb510]
Event: 1.431 Thread 0x000001a57c0d4800  938       3       com.sun.tools.javac.code.Scope::<init> (12 bytes)
Event: 1.431 Thread 0x000001a57c0d4800 nmethod 938 0x000001a5003ba890 code [0x000001a5003baa00, 0x000001a5003bac30]
Event: 1.431 Thread 0x000001a57c0d4800  940       3       com.sun.tools.javac.util.Name::toString (16 bytes)
Event: 1.431 Thread 0x000001a57c0d4800 nmethod 940 0x000001a5003bfe10 code [0x000001a5003bffc0, 0x000001a5003c0530]
Event: 1.431 Thread 0x000001a57c0d4800  941       3       com.sun.tools.javac.code.Types::union (166 bytes)
Event: 1.432 Thread 0x000001a57c0ca800  942       4       com.sun.tools.javac.jvm.ClassReader::readName (55 bytes)
Event: 1.433 Thread 0x000001a57c0d4800 nmethod 941 0x000001a5003c0710 code [0x000001a5003c09e0, 0x000001a5003c2120]
Event: 1.433 Thread 0x000001a57c0d4800  945       3       com.sun.tools.javac.code.Symbol$PackageSymbol::members (16 bytes)
Event: 1.433 Thread 0x000001a57c0ca800 nmethod 942 0x000001a5003ba5d0 code [0x000001a5003ba720, 0x000001a5003ba7c8]

GC Heap History (10 events):
Event: 0.920 GC heap after
Heap after GC invocations=7 (full 1):
 PSYoungGen      total 8704K, used 510K [0x00000000d6180000, 0x00000000d7280000, 0x0000000100000000)
  eden space 6144K, 0% used [0x00000000d6180000,0x00000000d6180000,0x00000000d6780000)
  from space 2560K, 19% used [0x00000000d7000000,0x00000000d707fa38,0x00000000d7280000)
  to   space 512K, 0% used [0x00000000d6780000,0x00000000d6780000,0x00000000d6800000)
 ParOldGen       total 5632K, used 5239K [0x0000000082400000, 0x0000000082980000, 0x00000000d6180000)
  object space 5632K, 93% used [0x0000000082400000,0x000000008291de18,0x0000000082980000)
 Metaspace       used 7427K, capacity 8308K, committed 8448K, reserved 1056768K
  class space    used 889K, capacity 944K, committed 1024K, reserved 1048576K
}
Event: 1.008 GC heap before
{Heap before GC invocations=8 (full 2):
 PSYoungGen      total 8704K, used 6654K [0x00000000d6180000, 0x00000000d7280000, 0x0000000100000000)
  eden space 6144K, 100% used [0x00000000d6180000,0x00000000d6780000,0x00000000d6780000)
  from space 2560K, 19% used [0x00000000d7000000,0x00000000d707fa38,0x00000000d7280000)
  to   space 512K, 0% used [0x00000000d6780000,0x00000000d6780000,0x00000000d6800000)
 ParOldGen       total 5632K, used 5239K [0x0000000082400000, 0x0000000082980000, 0x00000000d6180000)
  object space 5632K, 93% used [0x0000000082400000,0x000000008291de18,0x0000000082980000)
 Metaspace       used 7518K, capacity 8372K, committed 8704K, reserved 1056768K
  class space    used 895K, capacity 944K, committed 1024K, reserved 1048576K
Event: 1.069 GC heap after
Heap after GC invocations=8 (full 2):
 PSYoungGen      total 8704K, used 2195K [0x00000000d6180000, 0x00000000d7280000, 0x0000000100000000)
  eden space 6144K, 35% used [0x00000000d6180000,0x00000000d63a4eb0,0x00000000d6780000)
  from space 2560K, 0% used [0x00000000d7000000,0x00000000d7000000,0x00000000d7280000)
  to   space 512K, 0% used [0x00000000d6780000,0x00000000d6780000,0x00000000d6800000)
 ParOldGen       total 5632K, used 5530K [0x0000000082400000, 0x0000000082980000, 0x00000000d6180000)
  object space 5632K, 98% used [0x0000000082400000,0x0000000082966858,0x0000000082980000)
 Metaspace       used 7518K, capacity 8372K, committed 8704K, reserved 1056768K
  class space    used 895K, capacity 944K, committed 1024K, reserved 1048576K
}
Event: 1.118 GC heap before
{Heap before GC invocations=9 (full 3):
 PSYoungGen      total 8704K, used 6132K [0x00000000d6180000, 0x00000000d7280000, 0x0000000100000000)
  eden space 6144K, 99% used [0x00000000d6180000,0x00000000d677d398,0x00000000d6780000)
  from space 2560K, 0% used [0x00000000d7000000,0x00000000d7000000,0x00000000d7280000)
  to   space 512K, 0% used [0x00000000d6780000,0x00000000d6780000,0x00000000d6800000)
 ParOldGen       total 5632K, used 5530K [0x0000000082400000, 0x0000000082980000, 0x00000000d6180000)
  object space 5632K, 98% used [0x0000000082400000,0x0000000082966858,0x0000000082980000)
 Metaspace       used 7610K, capacity 8436K, committed 8704K, reserved 1056768K
  class space    used 902K, capacity 944K, committed 1024K, reserved 1048576K
Event: 1.175 GC heap after
Heap after GC invocations=9 (full 3):
 PSYoungGen      total 8704K, used 2499K [0x00000000d6180000, 0x00000000d7280000, 0x0000000100000000)
  eden space 6144K, 40% used [0x00000000d6180000,0x00000000d63f0ea0,0x00000000d6780000)
  from space 2560K, 0% used [0x00000000d7000000,0x00000000d7000000,0x00000000d7280000)
  to   space 512K, 0% used [0x00000000d6780000,0x00000000d6780000,0x00000000d6800000)
 ParOldGen       total 5632K, used 5526K [0x0000000082400000, 0x0000000082980000, 0x00000000d6180000)
  object space 5632K, 98% used [0x0000000082400000,0x0000000082965a00,0x0000000082980000)
 Metaspace       used 7610K, capacity 8436K, committed 8704K, reserved 1056768K
  class space    used 902K, capacity 944K, committed 1024K, reserved 1048576K
}
Event: 1.216 GC heap before
{Heap before GC invocations=10 (full 4):
 PSYoungGen      total 8704K, used 6144K [0x00000000d6180000, 0x00000000d7280000, 0x0000000100000000)
  eden space 6144K, 100% used [0x00000000d6180000,0x00000000d6780000,0x00000000d6780000)
  from space 2560K, 0% used [0x00000000d7000000,0x00000000d7000000,0x00000000d7280000)
  to   space 512K, 0% used [0x00000000d6780000,0x00000000d6780000,0x00000000d6800000)
 ParOldGen       total 5632K, used 5526K [0x0000000082400000, 0x0000000082980000, 0x00000000d6180000)
  object space 5632K, 98% used [0x0000000082400000,0x0000000082965a00,0x0000000082980000)
 Metaspace       used 7672K, capacity 8500K, committed 8704K, reserved 1056768K
  class space    used 904K, capacity 944K, committed 1024K, reserved 1048576K
Event: 1.251 GC heap after
Heap after GC invocations=10 (full 4):
 PSYoungGen      total 8704K, used 2978K [0x00000000d6180000, 0x00000000d7280000, 0x0000000100000000)
  eden space 6144K, 48% used [0x00000000d6180000,0x00000000d6468920,0x00000000d6780000)
  from space 2560K, 0% used [0x00000000d7000000,0x00000000d7000000,0x00000000d7280000)
  to   space 512K, 0% used [0x00000000d6780000,0x00000000d6780000,0x00000000d6800000)
 ParOldGen       total 5632K, used 5526K [0x0000000082400000, 0x0000000082980000, 0x00000000d6180000)
  object space 5632K, 98% used [0x0000000082400000,0x00000000829659a8,0x0000000082980000)
 Metaspace       used 7672K, capacity 8500K, committed 8704K, reserved 1056768K
  class space    used 904K, capacity 944K, committed 1024K, reserved 1048576K
}
Event: 1.292 GC heap before
{Heap before GC invocations=11 (full 5):
 PSYoungGen      total 8704K, used 6144K [0x00000000d6180000, 0x00000000d7280000, 0x0000000100000000)
  eden space 6144K, 100% used [0x00000000d6180000,0x00000000d6780000,0x00000000d6780000)
  from space 2560K, 0% used [0x00000000d7000000,0x00000000d7000000,0x00000000d7280000)
  to   space 512K, 0% used [0x00000000d6780000,0x00000000d6780000,0x00000000d6800000)
 ParOldGen       total 5632K, used 5526K [0x0000000082400000, 0x0000000082980000, 0x00000000d6180000)
  object space 5632K, 98% used [0x0000000082400000,0x00000000829659a8,0x0000000082980000)
 Metaspace       used 7722K, capacity 8564K, committed 8704K, reserved 1056768K
  class space    used 907K, capacity 944K, committed 1024K, reserved 1048576K
Event: 1.327 GC heap after
Heap after GC invocations=11 (full 5):
 PSYoungGen      total 8704K, used 3721K [0x00000000d6180000, 0x00000000d7280000, 0x0000000100000000)
  eden space 6144K, 60% used [0x00000000d6180000,0x00000000d65227e8,0x00000000d6780000)
  from space 2560K, 0% used [0x00000000d7000000,0x00000000d7000000,0x00000000d7280000)
  to   space 512K, 0% used [0x00000000d6780000,0x00000000d6780000,0x00000000d6800000)
 ParOldGen       total 5632K, used 5398K [0x0000000082400000, 0x0000000082980000, 0x00000000d6180000)
  object space 5632K, 95% used [0x0000000082400000,0x0000000082945968,0x0000000082980000)
 Metaspace       used 7722K, capacity 8564K, committed 8704K, reserved 1056768K
  class space    used 907K, capacity 944K, committed 1024K, reserved 1048576K
}
Event: 1.433 GC heap before
{Heap before GC invocations=12 (full 6):
 PSYoungGen      total 8704K, used 6144K [0x00000000d6180000, 0x00000000d7280000, 0x0000000100000000)
  eden space 6144K, 100% used [0x00000000d6180000,0x00000000d6780000,0x00000000d6780000)
  from space 2560K, 0% used [0x00000000d7000000,0x00000000d7000000,0x00000000d7280000)
  to   space 512K, 0% used [0x00000000d6780000,0x00000000d6780000,0x00000000d6800000)
 ParOldGen       total 5632K, used 5398K [0x0000000082400000, 0x0000000082980000, 0x00000000d6180000)
  object space 5632K, 95% used [0x0000000082400000,0x0000000082945968,0x0000000082980000)
 Metaspace       used 8452K, capacity 8948K, committed 9216K, reserved 1056768K
  class space    used 988K, capacity 1008K, committed 1024K, reserved 1048576K

Deoptimization events (10 events):
Event: 1.263 Thread 0x000001a5745ef000 Uncommon trap: reason=unstable_if action=reinterpret pc=0x000001a5003389a0 method=java.lang.CharacterDataLatin1.isJavaIdentifierPart(I)Z @ 11
Event: 1.268 Thread 0x000001a5745ef000 Uncommon trap: reason=class_check action=maybe_recompile pc=0x000001a500304d1c method=com.sun.tools.javac.util.List.prependList(Lcom/sun/tools/javac/util/List;)Lcom/sun/tools/javac/util/List; @ 1
Event: 1.274 Thread 0x000001a5745ef000 Uncommon trap: reason=unstable_if action=reinterpret pc=0x000001a50033b2fc method=com.sun.tools.javac.util.ArrayUtils.ensureCapacity([BI)[B @ 3
Event: 1.337 Thread 0x000001a5745ef000 Uncommon trap: reason=class_check action=maybe_recompile pc=0x000001a500304d1c method=com.sun.tools.javac.util.List.prependList(Lcom/sun/tools/javac/util/List;)Lcom/sun/tools/javac/util/List; @ 1
Event: 1.348 Thread 0x000001a5745ef000 Uncommon trap: reason=class_check action=maybe_recompile pc=0x000001a500304d1c method=com.sun.tools.javac.util.List.prependList(Lcom/sun/tools/javac/util/List;)Lcom/sun/tools/javac/util/List; @ 1
Event: 1.354 Thread 0x000001a5745ef000 Uncommon trap: reason=bimorphic action=maybe_recompile pc=0x000001a5003663c4 method=com.sun.tools.javac.code.Scope.lookup(Lcom/sun/tools/javac/util/Name;Lcom/sun/tools/javac/util/Filter;)Lcom/sun/tools/javac/code/Scope$Entry; @ 49
Event: 1.355 Thread 0x000001a5745ef000 Uncommon trap: reason=bimorphic action=maybe_recompile pc=0x000001a5003663c4 method=com.sun.tools.javac.code.Scope.lookup(Lcom/sun/tools/javac/util/Name;Lcom/sun/tools/javac/util/Filter;)Lcom/sun/tools/javac/code/Scope$Entry; @ 49
Event: 1.359 Thread 0x000001a5745ef000 Uncommon trap: reason=bimorphic action=maybe_recompile pc=0x000001a5003663c4 method=com.sun.tools.javac.code.Scope.lookup(Lcom/sun/tools/javac/util/Name;Lcom/sun/tools/javac/util/Filter;)Lcom/sun/tools/javac/code/Scope$Entry; @ 49
Event: 1.360 Thread 0x000001a5745ef000 Uncommon trap: reason=bimorphic action=maybe_recompile pc=0x000001a5003663c4 method=com.sun.tools.javac.code.Scope.lookup(Lcom/sun/tools/javac/util/Name;Lcom/sun/tools/javac/util/Filter;)Lcom/sun/tools/javac/code/Scope$Entry; @ 49
Event: 1.400 Thread 0x000001a5745ef000 Uncommon trap: reason=unstable_if action=reinterpret pc=0x000001a50039bcd4 method=com.sun.tools.javac.code.Scope.lookup(Lcom/sun/tools/javac/util/Name;Lcom/sun/tools/javac/util/Filter;)Lcom/sun/tools/javac/code/Scope$Entry; @ 54

Classes redefined (0 events):
No events

Internal exceptions (10 events):
Event: 0.037 Thread 0x000001a5745ef000 Exception <a 'java/lang/NoSuchMethodError': Method sun.misc.Unsafe.defineClass(Ljava/lang/String;[BII)Ljava/lang/Class; name or signature does not match> (0x00000000d6187cd8) thrown at [C:\jenkins\workspace\8-2-build-windows-amd64-cygwin\jdk8u281\880\hots
Event: 0.037 Thread 0x000001a5745ef000 Exception <a 'java/lang/NoSuchMethodError': Method sun.misc.Unsafe.prefetchRead(Ljava/lang/Object;J)V name or signature does not match> (0x00000000d6187fc0) thrown at [C:\jenkins\workspace\8-2-build-windows-amd64-cygwin\jdk8u281\880\hotspot\src\share\vm\p
Event: 0.163 Thread 0x000001a5745ef000 Exception <a 'java/security/PrivilegedActionException'> (0x00000000d62eb030) thrown at [C:\jenkins\workspace\8-2-build-windows-amd64-cygwin\jdk8u281\880\hotspot\src\share\vm\prims\jvm.cpp, line 1512]
Event: 0.163 Thread 0x000001a5745ef000 Exception <a 'java/security/PrivilegedActionException'> (0x00000000d62eb428) thrown at [C:\jenkins\workspace\8-2-build-windows-amd64-cygwin\jdk8u281\880\hotspot\src\share\vm\prims\jvm.cpp, line 1512]
Event: 0.164 Thread 0x000001a5745ef000 Exception <a 'java/security/PrivilegedActionException'> (0x00000000d62ef520) thrown at [C:\jenkins\workspace\8-2-build-windows-amd64-cygwin\jdk8u281\880\hotspot\src\share\vm\prims\jvm.cpp, line 1512]
Event: 0.164 Thread 0x000001a5745ef000 Exception <a 'java/security/PrivilegedActionException'> (0x00000000d62ef918) thrown at [C:\jenkins\workspace\8-2-build-windows-amd64-cygwin\jdk8u281\880\hotspot\src\share\vm\prims\jvm.cpp, line 1512]
Event: 0.173 Thread 0x000001a5745ef000 Exception <a 'java/security/PrivilegedActionException'> (0x00000000d618b1f0) thrown at [C:\jenkins\workspace\8-2-build-windows-amd64-cygwin\jdk8u281\880\hotspot\src\share\vm\prims\jvm.cpp, line 1512]
Event: 0.173 Thread 0x000001a5745ef000 Exception <a 'java/security/PrivilegedActionException'> (0x00000000d618b5e8) thrown at [C:\jenkins\workspace\8-2-build-windows-amd64-cygwin\jdk8u281\880\hotspot\src\share\vm\prims\jvm.cpp, line 1512]
Event: 0.857 Thread 0x000001a5745ef000 Exception <a 'java/io/FileNotFoundException'> (0x00000000d65d8dd0) thrown at [C:\jenkins\workspace\8-2-build-windows-amd64-cygwin\jdk8u281\880\hotspot\src\share\vm\prims\jni.cpp, line 710]
Event: 0.863 Thread 0x000001a5745ef000 Exception <a 'java/io/FileNotFoundException'> (0x00000000d66320c0) thrown at [C:\jenkins\workspace\8-2-build-windows-amd64-cygwin\jdk8u281\880\hotspot\src\share\vm\prims\jni.cpp, line 710]

Events (10 events):
Event: 1.423 loading class com/sun/tools/javac/comp/Resolve$4$2 done
Event: 1.423 loading class com/sun/tools/javac/comp/Resolve$MethodCheckContext
Event: 1.423 loading class com/sun/tools/javac/comp/Resolve$MethodCheckContext done
Event: 1.424 loading class com/sun/tools/javac/comp/DeferredAttr$6
Event: 1.424 loading class com/sun/tools/javac/comp/DeferredAttr$6 done
Event: 1.425 loading class com/sun/tools/javac/tree/TreeCopier
Event: 1.425 loading class com/sun/tools/javac/tree/TreeCopier done
Event: 1.427 loading class com/sun/tools/javac/comp/DeferredAttr$5
Event: 1.427 loading class com/sun/tools/javac/comp/DeferredAttr$5 done
Event: 1.433 Executing VM operation: ParallelGCFailedAllocation


Dynamic libraries:
0x00007ff716250000 - 0x00007ff716257000 	C:\Program Files\Java\jdk1.8.0_281\bin\javac.exe
0x00007ffa94390000 - 0x00007ffa94585000 	C:\WINDOWS\SYSTEM32\ntdll.dll
0x00007ffa92500000 - 0x00007ffa925bd000 	C:\WINDOWS\System32\KERNEL32.DLL
0x00007ffa91bb0000 - 0x00007ffa91e78000 	C:\WINDOWS\System32\KERNELBASE.dll
0x00007ffa92110000 - 0x00007ffa92210000 	C:\WINDOWS\System32\ucrtbase.dll
0x00007ffa875f0000 - 0x00007ffa87605000 	C:\Program Files\Java\jdk1.8.0_281\bin\VCRUNTIME140.dll
0x00007ffa7c4b0000 - 0x00007ffa7c4ef000 	C:\Program Files\Java\jdk1.8.0_281\bin\jli.dll
0x00007ffa92860000 - 0x00007ffa9290c000 	C:\WINDOWS\System32\ADVAPI32.dll
0x00007ffa925c0000 - 0x00007ffa9265e000 	C:\WINDOWS\System32\msvcrt.dll
0x00007ffa92ad0000 - 0x00007ffa92b6b000 	C:\WINDOWS\System32\sechost.dll
0x00007ffa93680000 - 0x00007ffa937ab000 	C:\WINDOWS\System32\RPCRT4.dll
0x00007ffa937b0000 - 0x00007ffa93950000 	C:\WINDOWS\System32\USER32.dll
0x00007ffa79d70000 - 0x00007ffa7a00a000 	C:\WINDOWS\WinSxS\amd64_microsoft.windows.common-controls_6595b64144ccf1df_6.0.19041.844_none_ca00b6081b84eb1d\COMCTL32.dll
0x00007ffa91ad0000 - 0x00007ffa91af2000 	C:\WINDOWS\System32\win32u.dll
0x00007ffa933e0000 - 0x00007ffa9340a000 	C:\WINDOWS\System32\GDI32.dll
0x00007ffa91f80000 - 0x00007ffa9208b000 	C:\WINDOWS\System32\gdi32full.dll
0x00007ffa91ee0000 - 0x00007ffa91f7d000 	C:\WINDOWS\System32\msvcp_win.dll
0x00007ffa934a0000 - 0x00007ffa934d0000 	C:\WINDOWS\System32\IMM32.DLL
0x00007ffa7c7f0000 - 0x00007ffa7c805000 	C:\Program Files\Java\jdk1.8.0_281\jre\bin\vcruntime140.dll
0x00007ffa4c900000 - 0x00007ffa4c99b000 	C:\Program Files\Java\jdk1.8.0_281\jre\bin\msvcp140.dll
0x000000005dc60000 - 0x000000005e4bf000 	C:\Program Files\Java\jdk1.8.0_281\jre\bin\server\jvm.dll
0x00007ffa92910000 - 0x00007ffa92918000 	C:\WINDOWS\System32\PSAPI.DLL
0x00007ffa7a240000 - 0x00007ffa7a267000 	C:\WINDOWS\SYSTEM32\WINMM.dll
0x00007ffa86f80000 - 0x00007ffa86f8a000 	C:\WINDOWS\SYSTEM32\VERSION.dll
0x00007ffa88520000 - 0x00007ffa88529000 	C:\WINDOWS\SYSTEM32\WSOCK32.dll
0x00007ffa935b0000 - 0x00007ffa9361b000 	C:\WINDOWS\System32\WS2_32.dll
0x00007ffa8fc00000 - 0x00007ffa8fc12000 	C:\WINDOWS\SYSTEM32\kernel.appcore.dll
0x00007ffa87630000 - 0x00007ffa87640000 	C:\Program Files\Java\jdk1.8.0_281\jre\bin\verify.dll
0x00007ffa624d0000 - 0x00007ffa624fb000 	C:\Program Files\Java\jdk1.8.0_281\jre\bin\java.dll
0x00007ffa7c780000 - 0x00007ffa7c798000 	C:\Program Files\Java\jdk1.8.0_281\jre\bin\zip.dll
0x00007ffa92b70000 - 0x00007ffa932b2000 	C:\WINDOWS\System32\SHELL32.dll
0x00007ffa8fc20000 - 0x00007ffa903b0000 	C:\WINDOWS\SYSTEM32\windows.storage.dll
0x00007ffa93a20000 - 0x00007ffa93d75000 	C:\WINDOWS\System32\combase.dll
0x00007ffa91540000 - 0x00007ffa9156c000 	C:\WINDOWS\SYSTEM32\Wldp.dll
0x00007ffa923f0000 - 0x00007ffa9249e000 	C:\WINDOWS\System32\SHCORE.dll
0x00007ffa93de0000 - 0x00007ffa93e35000 	C:\WINDOWS\System32\shlwapi.dll
0x00007ffa91a10000 - 0x00007ffa91a2f000 	C:\WINDOWS\SYSTEM32\profapi.dll

VM Arguments:
jvm_args: -Dapplication.home=C:\Program Files\Java\jdk1.8.0_281 -Xms8m 
java_command: com.sun.tools.javac.Main -d C:\Users\User\Desktop\FinalProjectOOP\build\classes -classpath C:\Users\User\Desktop\FinalProjectOOP\build\classes;C:\Users\User\Desktop\FinalProjectOOP\mysql-connector-java-5.1.18-bin.jar;C:\Program Files\NetBeans 8.2\java\modules\ext\eclipselink\eclipselink.jar;C:\Program Files\NetBeans 8.2\java\modules\ext\eclipselink\javax.persistence_2.1.0.v201304241213.jar;C:\Program Files\NetBeans 8.2\java\modules\ext\eclipselink\org.eclipse.persistence.jpa.jpql_2.5.2.v20140319-9ad6abd.jar;C:\Program Files\NetBeans 8.2\java\modules\ext\beansbinding-1.2.1.jar;C:\Program Files\NetBeans 8.2\java\modules\ext\AbsoluteLayout.jar;C:\Users\User\Desktop\FinalProjectOOP\rs2xml.jar -sourcepath C:\Users\User\Desktop\FinalProjectOOP\build\empty -target 1.8 -encoding UTF-8 -g -processorpath C:\Users\User\Desktop\FinalProjectOOP\mysql-connector-java-5.1.18-bin.jar;C:\Program Files\NetBeans 8.2\java\modules\ext\eclipselink\eclipselink.jar;C:\Program Files\NetBeans 8.2\java\modules\ext\eclipselink\javax.persistence_2.1.0.v201304241213.jar;C:\Program Files\NetBeans 8.2\java\modules\ext\eclipselink\org.eclipse.persistence.jpa.jpql_2.5.2.v20140319-9ad6abd.jar;C:\Program Files\NetBeans 8.2\java\modules\ext\beansbinding-1.2.1.jar;C:\Program Files\NetBeans 8.2\java\modules\ext\AbsoluteLayout.jar;C:\Users\User\Desktop\FinalProjectOOP\rs2xml.jar;C:\Users\User\Desktop\FinalProjectOOP\build\empty -Aeclipselink.canonicalmodel.use_static_factory=false -s C:\Users\User\Desktop\FinalProjectOOP\build\generated-sources\ap-source-output -source 1.8 C:\Users\User\Desktop\FinalProjectOOP\src\FinalProjectPackage\BooksForm.java C:\Users\User\Desktop\FinalProjectOOP\src\FinalProjectPackage\Bookstbl.java C:\Users\User\Desktop\FinalProjectOOP\src\FinalProjectPackage\BorrowForm.java C:\Users\User\Desktop\FinalProjectOOP\src\FinalProjectPackage\CustomerForm.java C:\Users\User\Desktop\FinalProjectOOP\src\FinalProjectPackage\Customertbl.java C:\Users\User\Desktop\FinalProjectO
java_class_path (initial): C:\Program Files\Java\jdk1.8.0_281/lib/tools.jar;C:\Program Files\Java\jdk1.8.0_281/classes
Launcher Type: SUN_STANDARD

Environment Variables:
PATH=C:\Program Files (x86)\Common Files\Oracle\Java\javapath;C:\Program Files (x86)\Common Files\Intel\Shared Libraries\redist\intel64\compiler;C:\Python38\Scripts\;C:\Python38\;C:\Windows\system32;C:\Windows;C:\Windows\System32\Wbem;C:\Windows\System32\WindowsPowerShell\v1.0\;C:\Windows\System32\OpenSSH\;C:\Program Files (x86)\NVIDIA Corporation\PhysX\Common;C:\Program Files\Intel\WiFi\bin\;C:\Program Files\Common Files\Intel\WirelessCommon\;C:\Program Files\Microsoft SQL Server\110\Tools\Binn\;C:\Program Files (x86)\Microsoft SDKs\TypeScript\1.0\;C:\Program Files\Microsoft SQL Server\120\Tools\Binn\;C:\WINDOWS\system32;C:\WINDOWS;C:\WINDOWS\System32\Wbem;C:\WINDOWS\System32\WindowsPowerShell\v1.0\;C:\WINDOWS\System32\OpenSSH\;c:\Program Files (x86)\Microsoft SQL Server\110\Tools\Binn\;c:\Program Files\Microsoft SQL Server\110\DTS\Binn\;c:\Program Files (x86)\Microsoft SQL Server\110\Tools\Binn\ManagementStudio\;c:\Program Files (x86)\Microsoft SQL Server\110\DTS\Binn\;C:\ProgramData\chocolatey\bin;C:\Program Files (x86)\Microsoft SQL Server\150\DTS\Binn\;C:\Program Files\Azure Data Studio\bin;C:\Program Files\nodejs\;C:\Program Files\Git\cmd;C:\Program Files\dotnet\;C:\Program Files\Microsoft SQL Server\130\Tools\Binn\;C:\Program Files\NVIDIA Corporation\NVIDIA NvDLISR;C:\Users\User\AppData\Local\Microsoft\WindowsApps;C:\Users\User\AppData\Local\Programs\Microsoft VS Code\bin;C:\Program Files\Azure Data Studio\bin;C:\Users\User\AppData\Roaming\npm;C:\Program Files\heroku\bin;C:\Program Files (x86)\Nmap;C:\Users\User\.dotnet\tools
USERNAME=User
OS=Windows_NT
PROCESSOR_IDENTIFIER=Intel64 Family 6 Model 142 Stepping 12, GenuineIntel



---------------  S Y S T E M  ---------------

OS: Windows 10.0 , 64 bit Build 19041 (10.0.19041.928)

CPU:total 8 (initial active 8) (4 cores per cpu, 2 threads per core) family 6 model 142 stepping 12, cmov, cx8, fxsr, mmx, sse, sse2, sse3, ssse3, sse4.1, sse4.2, popcnt, avx, avx2, aes, clmul, erms, 3dnowpref, lzcnt, ht, tsc, tscinvbit, bmi1, bmi2, adx

Memory: 4k page, physical 8236396k(822920k free), swap 20819308k(4172k free)

vm_info: Java HotSpot(TM) 64-Bit Server VM (25.281-b09) for windows-amd64 JRE (1.8.0_281-b09), built on Dec  9 2020 13:54:07 by "" with MS VC++ 15.9 (VS2017)

time: Mon May 24 22:24:58 2021
timezone: Taipei Standard Time
elapsed time: 1.441328 seconds (0d 0h 0m 1s)

