#
# There is insufficient memory for the Java Runtime Environment to continue.
# Native memory allocation (malloc) failed to allocate 1048576 bytes for AllocateHeap
# Possible reasons:
#   The system is out of physical RAM or swap space
#   The process is running with CompressedOops enabled, and the Java Heap may be blocking the growth of the native heap
# Possible solutions:
#   Reduce memory load on the system
#   Increase physical memory or swap space
#   Check if swap backing store is full
#   Decrease Java heap size (-Xmx/-Xms)
#   Decrease number of Java threads
#   Decrease Java thread stack sizes (-Xss)
#   Set larger code cache with -XX:ReservedCodeCacheSize=
#   JVM is running with Unscaled Compressed Oops mode in which the Java heap is
#     placed in the first 4GB address space. The Java Heap base address is the
#     maximum limit for the native heap growth. Please use -XX:HeapBaseMinAddress
#     to set the Java Heap base and to place the Java Heap above 4GB virtual address.
# This output file may be truncated or incomplete.
#
#  Out of Memory Error (memory/allocation.inline.hpp:61), pid=33800, tid=0x0000000000008720
#
# JRE version:  (8.0_281-b09) (build )
# Java VM: Java HotSpot(TM) 64-Bit Server VM (25.281-b09 mixed mode windows-amd64 compressed oops)
# Failed to write core dump. Minidumps are not enabled by default on client versions of Windows
#

---------------  T H R E A D  ---------------

Current thread (0x000001d670c92800):  JavaThread "Unknown thread" [_thread_in_vm, id=34592, stack(0x00000044a4500000,0x00000044a4600000)]

Stack: [0x00000044a4500000,0x00000044a4600000]
Native frames: (J=compiled Java code, j=interpreted, Vv=VM code, C=native code)
V  [jvm.dll+0x32e5b9]
V  [jvm.dll+0x275012]
V  [jvm.dll+0x275cbd]
V  [jvm.dll+0x26c6f5]
V  [jvm.dll+0x509d]
V  [jvm.dll+0x3d2b23]
V  [jvm.dll+0x3d3538]
V  [jvm.dll+0xfcaaf]
V  [jvm.dll+0x209a1b]
V  [jvm.dll+0x2383d7]
V  [jvm.dll+0x162566]
C  [java.exe+0x2312]
C  [java.exe+0x15f54]
C  [KERNEL32.DLL+0x17034]
C  [ntdll.dll+0x52651]


---------------  P R O C E S S  ---------------

Java Threads: ( => current thread )

Other Threads:

=>0x000001d670c92800 (exited) JavaThread "Unknown thread" [_thread_in_vm, id=34592, stack(0x00000044a4500000,0x00000044a4600000)]

VM state:not at safepoint (normal execution)

VM Mutex/Monitor currently owned by a thread: None

heap address: 0x0000000082400000, size: 2012 MB, Compressed Oops mode: 32-bit
Narrow klass base: 0x0000000000000000, Narrow klass shift: 3
Compressed class space size: 1073741824 Address: 0x0000000100000000

Heap:
 PSYoungGen      total 37888K, used 655K [0x00000000d6180000, 0x00000000d8b80000, 0x0000000100000000)
  eden space 32768K, 2% used [0x00000000d6180000,0x00000000d6223d80,0x00000000d8180000)
  from space 5120K, 0% used [0x00000000d8680000,0x00000000d8680000,0x00000000d8b80000)
  to   space 5120K, 0% used [0x00000000d8180000,0x00000000d8180000,0x00000000d8680000)
 ParOldGen       total 86016K, used 0K [0x0000000082400000, 0x0000000087800000, 0x00000000d6180000)
  object space 86016K, 0% used [0x0000000082400000,0x0000000082400000,0x0000000087800000)
 Metaspace       used 777K, capacity 4480K, committed 4480K, reserved 1056768K
  class space    used 76K, capacity 384K, committed 384K, reserved 1048576K

Card table byte_map: [0x000001d672a70000,0x000001d672e60000] byte_map_base: 0x000001d67265e000

Marking Bits: (ParMarkBitMap*) 0x000000005e446ff0
 Begin Bits: [0x000001d673100000, 0x000001d675070000)
 End Bits:   [0x000001d675070000, 0x000001d676fe0000)

Polling page: 0x000001d670ed0000

CodeCache: size=245760Kb used=328Kb max_used=328Kb free=245431Kb
 bounds [0x000001d600000000, 0x000001d600270000, 0x000001d60f000000]
 total_blobs=58 nmethods=0 adapters=38
 compilation: enabled

Compilation events (0 events):
No events

GC Heap History (0 events):
No events

Deoptimization events (0 events):
No events

Classes redefined (0 events):
No events

Internal exceptions (0 events):
No events

Events (10 events):
Event: 0.070 loading class java/lang/Short
Event: 0.071 loading class java/lang/Short done
Event: 0.071 loading class java/lang/Integer
Event: 0.071 loading class java/lang/Integer done
Event: 0.071 loading class java/lang/Long
Event: 0.071 loading class java/lang/Long done
Event: 0.073 loading class java/lang/NullPointerException
Event: 0.073 loading class java/lang/NullPointerException done
Event: 0.073 loading class java/lang/ArithmeticException
Event: 0.073 loading class java/lang/ArithmeticException done


Dynamic libraries:
0x00007ff608bf0000 - 0x00007ff608c37000 	C:\Program Files\Java\jdk1.8.0_281\bin\java.exe
0x00007ffa94390000 - 0x00007ffa94585000 	C:\WINDOWS\SYSTEM32\ntdll.dll
0x00007ffa92500000 - 0x00007ffa925bd000 	C:\WINDOWS\System32\KERNEL32.DLL
0x00007ffa91bb0000 - 0x00007ffa91e78000 	C:\WINDOWS\System32\KERNELBASE.dll
0x00007ffa92860000 - 0x00007ffa9290c000 	C:\WINDOWS\System32\ADVAPI32.dll
0x00007ffa925c0000 - 0x00007ffa9265e000 	C:\WINDOWS\System32\msvcrt.dll
0x00007ffa92ad0000 - 0x00007ffa92b6b000 	C:\WINDOWS\System32\sechost.dll
0x00007ffa93680000 - 0x00007ffa937ab000 	C:\WINDOWS\System32\RPCRT4.dll
0x00007ffa937b0000 - 0x00007ffa93950000 	C:\WINDOWS\System32\USER32.dll
0x00007ffa91ad0000 - 0x00007ffa91af2000 	C:\WINDOWS\System32\win32u.dll
0x00007ffa933e0000 - 0x00007ffa9340a000 	C:\WINDOWS\System32\GDI32.dll
0x00007ffa91f80000 - 0x00007ffa9208b000 	C:\WINDOWS\System32\gdi32full.dll
0x00007ffa91ee0000 - 0x00007ffa91f7d000 	C:\WINDOWS\System32\msvcp_win.dll
0x00007ffa92110000 - 0x00007ffa92210000 	C:\WINDOWS\System32\ucrtbase.dll
0x00007ffa79d70000 - 0x00007ffa7a00a000 	C:\WINDOWS\WinSxS\amd64_microsoft.windows.common-controls_6595b64144ccf1df_6.0.19041.844_none_ca00b6081b84eb1d\COMCTL32.dll
0x00007ffa934a0000 - 0x00007ffa934d0000 	C:\WINDOWS\System32\IMM32.DLL
0x00007ffa7c7f0000 - 0x00007ffa7c805000 	C:\Program Files\Java\jdk1.8.0_281\jre\bin\vcruntime140.dll
0x00007ffa4c900000 - 0x00007ffa4c99b000 	C:\Program Files\Java\jdk1.8.0_281\jre\bin\msvcp140.dll
0x000000005dc60000 - 0x000000005e4bf000 	C:\Program Files\Java\jdk1.8.0_281\jre\bin\server\jvm.dll
0x00007ffa92910000 - 0x00007ffa92918000 	C:\WINDOWS\System32\PSAPI.DLL
0x00007ffa88520000 - 0x00007ffa88529000 	C:\WINDOWS\SYSTEM32\WSOCK32.dll
0x00007ffa86f80000 - 0x00007ffa86f8a000 	C:\WINDOWS\SYSTEM32\VERSION.dll
0x00007ffa7a240000 - 0x00007ffa7a267000 	C:\WINDOWS\SYSTEM32\WINMM.dll
0x00007ffa935b0000 - 0x00007ffa9361b000 	C:\WINDOWS\System32\WS2_32.dll
0x00007ffa8fc00000 - 0x00007ffa8fc12000 	C:\WINDOWS\SYSTEM32\kernel.appcore.dll
0x00007ffa87630000 - 0x00007ffa87640000 	C:\Program Files\Java\jdk1.8.0_281\jre\bin\verify.dll
0x00007ffa624d0000 - 0x00007ffa624fb000 	C:\Program Files\Java\jdk1.8.0_281\jre\bin\java.dll
0x00007ffa7c780000 - 0x00007ffa7c798000 	C:\Program Files\Java\jdk1.8.0_281\jre\bin\zip.dll
0x00007ffa8f7c0000 - 0x00007ffa8f9a4000 	C:\WINDOWS\SYSTEM32\dbghelp.dll
0x00007ffa92370000 - 0x00007ffa923f0000 	C:\WINDOWS\System32\bcryptPrimitives.dll

VM Arguments:
jvm_args: -Dfile.encoding=UTF-8 
java_command: FinalProjectPackage.SplashScreen
java_class_path (initial): C:\Users\User\Desktop\FinalProjectOOP\mysql-connector-java-5.1.18-bin.jar;C:\Program Files\NetBeans 8.2\java\modules\ext\eclipselink\eclipselink.jar;C:\Program Files\NetBeans 8.2\java\modules\ext\eclipselink\javax.persistence_2.1.0.v201304241213.jar;C:\Program Files\NetBeans 8.2\java\modules\ext\eclipselink\org.eclipse.persistence.jpa.jpql_2.5.2.v20140319-9ad6abd.jar;C:\Program Files\NetBeans 8.2\java\modules\ext\beansbinding-1.2.1.jar;C:\Program Files\NetBeans 8.2\java\modules\ext\AbsoluteLayout.jar;C:\Users\User\Desktop\FinalProjectOOP\rs2xml.jar;C:\Users\User\Desktop\FinalProjectOOP\build\classes
Launcher Type: SUN_STANDARD

Environment Variables:
PATH=C:\Program Files (x86)\Common Files\Oracle\Java\javapath;C:\Program Files (x86)\Common Files\Intel\Shared Libraries\redist\intel64\compiler;C:\Python38\Scripts\;C:\Python38\;C:\Windows\system32;C:\Windows;C:\Windows\System32\Wbem;C:\Windows\System32\WindowsPowerShell\v1.0\;C:\Windows\System32\OpenSSH\;C:\Program Files (x86)\NVIDIA Corporation\PhysX\Common;C:\Program Files\Intel\WiFi\bin\;C:\Program Files\Common Files\Intel\WirelessCommon\;C:\Program Files\Microsoft SQL Server\110\Tools\Binn\;C:\Program Files (x86)\Microsoft SDKs\TypeScript\1.0\;C:\Program Files\Microsoft SQL Server\120\Tools\Binn\;C:\WINDOWS\system32;C:\WINDOWS;C:\WINDOWS\System32\Wbem;C:\WINDOWS\System32\WindowsPowerShell\v1.0\;C:\WINDOWS\System32\OpenSSH\;c:\Program Files (x86)\Microsoft SQL Server\110\Tools\Binn\;c:\Program Files\Microsoft SQL Server\110\DTS\Binn\;c:\Program Files (x86)\Microsoft SQL Server\110\Tools\Binn\ManagementStudio\;c:\Program Files (x86)\Microsoft SQL Server\110\DTS\Binn\;C:\ProgramData\chocolatey\bin;C:\Program Files (x86)\Microsoft SQL Server\150\DTS\Binn\;C:\Program Files\Azure Data Studio\bin;C:\Program Files\nodejs\;C:\Program Files\Git\cmd;C:\Program Files\dotnet\;C:\Program Files\Microsoft SQL Server\130\Tools\Binn\;C:\Program Files\NVIDIA Corporation\NVIDIA NvDLISR;C:\Users\User\AppData\Local\Microsoft\WindowsApps;C:\Users\User\AppData\Local\Programs\Microsoft VS Code\bin;C:\Program Files\Azure Data Studio\bin;C:\Users\User\AppData\Roaming\npm;C:\Program Files\heroku\bin;C:\Program Files (x86)\Nmap;C:\Users\User\.dotnet\tools
USERNAME=User
OS=Windows_NT
PROCESSOR_IDENTIFIER=Intel64 Family 6 Model 142 Stepping 12, GenuineIntel



---------------  S Y S T E M  ---------------

OS: Windows 10.0 , 64 bit Build 19041 (10.0.19041.928)

CPU:total 8 (initial active 8) (4 cores per cpu, 2 threads per core) family 6 model 142 stepping 12, cmov, cx8, fxsr, mmx, sse, sse2, sse3, ssse3, sse4.1, sse4.2, popcnt, avx, avx2, aes, clmul, erms, 3dnowpref, lzcnt, ht, tsc, tscinvbit, bmi1, bmi2, adx

Memory: 4k page, physical 8236396k(955296k free), swap 20819308k(4228k free)

vm_info: Java HotSpot(TM) 64-Bit Server VM (25.281-b09) for windows-amd64 JRE (1.8.0_281-b09), built on Dec  9 2020 13:54:07 by "" with MS VC++ 15.9 (VS2017)

time: Mon May 24 22:24:16 2021
timezone: Taipei Standard Time
elapsed time: 0.139261 seconds (0d 0h 0m 0s)

